<?xml version="1.0" encoding="UTF-8"?>
<!-- Generated by org.testng.reporters.JUnitXMLReporter -->
<testsuite ignored="1" hostname="LAPTOP-K61ULR8P" failures="0" tests="1" name="createUserTest" time="3.357" errors="0" timestamp="2023-11-13T16:27:23 CLST">
  <testcase classname="dagserver.test.AdminTest" name="createUser" time="2.445"/>
  <testcase classname="dagserver.test.AdminTest" name="deleteUserTest" time="0.0">
    <ignored/>
  </testcase> <!-- deleteUserTest -->
</testsuite> <!-- createUserTest -->
