<?xml version="1.0" encoding="UTF-8"?>
<!-- Generated by org.testng.reporters.JUnitXMLReporter -->
<testsuite ignored="1" hostname="LAPTOP-K61ULR8P" failures="0" tests="1" name="createUserTest" time="5.461" errors="0" timestamp="2023-12-21T18:37:23 CLST">
  <testcase classname="dagserver.test.AdminTest" name="createUser" time="4.053"/>
  <testcase classname="dagserver.test.AdminTest" name="deleteUserTest" time="0.0">
    <ignored/>
  </testcase> <!-- deleteUserTest -->
</testsuite> <!-- createUserTest -->
