<?xml version="1.0" encoding="UTF-8"?>
<!-- Generated by org.testng.reporters.JUnitXMLReporter -->
<testsuite ignored="2" hostname="LAPTOP-K61ULR8P" failures="0" tests="1" name="loginOkTest" time="2.2" errors="0" timestamp="2023-10-15T10:43:24 CLST">
  <testcase classname="dagserver.test.LoginTest" name="loginOk" time="0.647"/>
  <testcase classname="dagserver.test.LoginTest" name="loginNOK" time="0.0">
    <ignored/>
  </testcase> <!-- loginNOK -->
  <testcase classname="dagserver.test.LoginTest" name="logoutOk" time="0.0">
    <ignored/>
  </testcase> <!-- logoutOk -->
</testsuite> <!-- loginOkTest -->
