<?xml version="1.0" encoding="UTF-8"?>
<!-- Generated by org.testng.reporters.JUnitXMLReporter -->
<testsuite ignored="2" hostname="LAPTOP-K61ULR8P" failures="0" tests="1" name="loginNOkTest" time="4.691" errors="0" timestamp="2023-11-13T16:27:20 CLST">
  <testcase classname="dagserver.test.LoginTest" name="loginNOK" time="3.89"/>
  <testcase classname="dagserver.test.LoginTest" name="loginOk" time="0.0">
    <ignored/>
  </testcase> <!-- loginOk -->
  <testcase classname="dagserver.test.LoginTest" name="logoutOk" time="0.0">
    <ignored/>
  </testcase> <!-- logoutOk -->
</testsuite> <!-- loginNOkTest -->
