<?xml version="1.0" encoding="UTF-8"?>
<!-- Generated by org.testng.reporters.JUnitXMLReporter -->
<testsuite ignored="0" hostname="LAPTOP-K61ULR8P" failures="0" tests="3" name="MyTest" time="0.042" errors="0" timestamp="2023-09-09T17:10:34 CLST">
  <testcase classname="testjunit5.main.test.ArithmeticOperations" name="TesMultiplication" time="0.01"/>
  <testcase classname="testjunit5.main.test.ArithmeticOperations" name="TestAddition" time="0.001"/>
  <testcase classname="testjunit5.main.test.ArithmeticOperations" name="TestSubstraction" time="0.001"/>
</testsuite> <!-- MyTest -->
