<?xml version="1.0" encoding="UTF-8"?>
<!-- Generated by org.testng.reporters.JUnitXMLReporter -->
<testsuite ignored="0" hostname="LAPTOP-K61ULR8P" failures="0" tests="3" name="testingTest" time="0.07" errors="0" timestamp="2023-09-06T20:33:48 CLST">
  <testcase classname="testjunit5.main.ArithmeticOperations" name="TesMultiplication" time="0.016"/>
  <testcase classname="testjunit5.main.ArithmeticOperations" name="TestAddition" time="0.001"/>
  <testcase classname="testjunit5.main.ArithmeticOperations" name="TestSubstraction" time="0.002"/>
</testsuite> <!-- testingTest -->
