<?xml version="1.0" encoding="UTF-8"?>
<testng-results ignored="0" total="1" passed="1" failed="0" skipped="0">
  <reporter-output>
  </reporter-output>
  <suite started-at="2023-09-28T12:07:05 CLST" name="jobs" finished-at="2023-09-28T12:07:17 CLST" duration-ms="11750">
    <groups>
    </groups>
    <test started-at="2023-09-28T12:07:05 CLST" name="systemJobsTest" finished-at="2023-09-28T12:07:17 CLST" duration-ms="11750">
      <class name="dagserver.test.JobsTest">
        <test-method is-config="true" signature="beforeSuite()[pri:0, instance:dagserver.test.JobsTest@19bb07ed]" started-at="2023-09-28T12:07:05 CLST" name="beforeSuite" finished-at="2023-09-28T12:07:06 CLST" duration-ms="1382" status="PASS">
          <reporter-output>
          </reporter-output>
        </test-method> <!-- beforeSuite -->
        <test-method signature="systemJobsTest(java.lang.String, java.lang.String, java.lang.String)[pri:0, instance:dagserver.test.JobsTest@19bb07ed]" started-at="2023-09-28T12:07:06 CLST" name="systemJobsTest" finished-at="2023-09-28T12:07:17 CLST" duration-ms="10196" status="PASS">
          <params>
            <param index="0">
              <value>
                <![CDATA[http://localhost:8080/dagserver/cli/index.html]]>
              </value>
            </param>
            <param index="1">
              <value>
                <![CDATA[dagserver]]>
              </value>
            </param>
            <param index="2">
              <value>
                <![CDATA[dagserver]]>
              </value>
            </param>
          </params>
          <reporter-output>
          </reporter-output>
        </test-method> <!-- systemJobsTest -->
        <test-method is-config="true" signature="close()[pri:0, instance:dagserver.test.JobsTest@19bb07ed]" started-at="2023-09-28T12:07:17 CLST" name="close" finished-at="2023-09-28T12:07:17 CLST" duration-ms="147" status="PASS">
          <reporter-output>
          </reporter-output>
        </test-method> <!-- close -->
      </class> <!-- dagserver.test.JobsTest -->
    </test> <!-- systemJobsTest -->
  </suite> <!-- jobs -->
</testng-results>
