<?xml version="1.0" encoding="UTF-8"?>
<testng-results ignored="0" total="1" passed="1" failed="0" skipped="0">
  <reporter-output>
  </reporter-output>
  <suite started-at="2023-10-24T19:23:22 CLST" name="file_operator_suite" finished-at="2023-10-24T19:23:49 CLST" duration-ms="27229">
    <groups>
    </groups>
    <test started-at="2023-10-24T19:23:22 CLST" name="createDagDesignWithStepTest" finished-at="2023-10-24T19:23:49 CLST" duration-ms="27229">
      <class name="dagserver.test.FileOperatorTest">
        <test-method is-config="true" signature="beforeTest()[pri:0, instance:dagserver.test.FileOperatorTest@6a192cfe]" started-at="2023-10-24T19:23:22 CLST" name="beforeTest" finished-at="2023-10-24T19:23:25 CLST" duration-ms="3239" status="PASS">
          <reporter-output>
          </reporter-output>
        </test-method> <!-- beforeTest -->
        <test-method signature="createDagDesignWithStepTest(java.lang.String, java.lang.String, java.lang.String, java.lang.String, java.lang.String, java.lang.String, java.lang.String, java.lang.String, org.testng.ITestContext)[pri:0, instance:dagserver.test.FileOperatorTest@6a192cfe]" started-at="2023-10-24T19:23:25 CLST" name="createDagDesignWithStepTest" finished-at="2023-10-24T19:23:49 CLST" duration-ms="23392" status="PASS">
          <params>
            <param index="0">
              <value>
                <![CDATA[http://localhost:8081]]>
              </value>
            </param>
            <param index="1">
              <value>
                <![CDATA[dagserver]]>
              </value>
            </param>
            <param index="2">
              <value>
                <![CDATA[dagserver]]>
              </value>
            </param>
            <param index="3">
              <value>
                <![CDATA[testing_file_operator.jar]]>
              </value>
            </param>
            <param index="4">
              <value>
                <![CDATA[TEST_DAG]]>
              </value>
            </param>
            <param index="5">
              <value>
                <![CDATA[group.test]]>
              </value>
            </param>
            <param index="6">
              <value>
                <![CDATA[0 0/1 * * * ?]]>
              </value>
            </param>
            <param index="7">
              <value>
                <![CDATA[step1]]>
              </value>
            </param>
            <param index="8">
              <value>
                <![CDATA[org.testng.TestRunner@22175d4f]]>
              </value>
            </param>
          </params>
          <reporter-output>
          </reporter-output>
        </test-method> <!-- createDagDesignWithStepTest -->
        <test-method is-config="true" signature="close()[pri:0, instance:dagserver.test.FileOperatorTest@6a192cfe]" started-at="2023-10-24T19:23:49 CLST" name="close" finished-at="2023-10-24T19:23:49 CLST" duration-ms="535" status="PASS">
          <reporter-output>
          </reporter-output>
        </test-method> <!-- close -->
      </class> <!-- dagserver.test.FileOperatorTest -->
    </test> <!-- createDagDesignWithStepTest -->
  </suite> <!-- file_operator_suite -->
</testng-results>
