<?xml version="1.0" encoding="UTF-8"?>
<testng-results ignored="0" total="1" passed="1" failed="0" skipped="0">
  <reporter-output>
  </reporter-output>
  <suite started-at="2023-09-27T15:41:27 CLST" name="props" finished-at="2023-09-27T15:41:43 CLST" duration-ms="15960">
    <groups>
    </groups>
    <test started-at="2023-09-27T15:41:27 CLST" name="propsTest" finished-at="2023-09-27T15:41:43 CLST" duration-ms="15960">
      <class name="dagserver.test.PropsTest">
        <test-method is-config="true" signature="beforeSuite()[pri:0, instance:dagserver.test.PropsTest@19bb07ed]" started-at="2023-09-27T15:41:27 CLST" name="beforeSuite" finished-at="2023-09-27T15:41:29 CLST" duration-ms="1640" status="PASS">
          <reporter-output>
          </reporter-output>
        </test-method> <!-- beforeSuite -->
        <test-method signature="propsTest(java.lang.String, java.lang.String, java.lang.String, java.lang.String, java.lang.String, java.lang.String, java.lang.String)[pri:0, instance:dagserver.test.PropsTest@19bb07ed]" started-at="2023-09-27T15:41:29 CLST" name="propsTest" finished-at="2023-09-27T15:41:43 CLST" duration-ms="14107" status="PASS">
          <params>
            <param index="0">
              <value>
                <![CDATA[http://localhost:8080/dagserver/cli/index.html]]>
              </value>
            </param>
            <param index="1">
              <value>
                <![CDATA[dagserver]]>
              </value>
            </param>
            <param index="2">
              <value>
                <![CDATA[dagserver]]>
              </value>
            </param>
            <param index="3">
              <value>
                <![CDATA[testing_selenium]]>
              </value>
            </param>
            <param index="4">
              <value>
                <![CDATA[testing_selenium]]>
              </value>
            </param>
            <param index="5">
              <value>
                <![CDATA[testing_selenium]]>
              </value>
            </param>
            <param index="6">
              <value>
                <![CDATA[c:\\tmp\\prop_file.json]]>
              </value>
            </param>
          </params>
          <reporter-output>
          </reporter-output>
        </test-method> <!-- propsTest -->
        <test-method is-config="true" signature="close()[pri:0, instance:dagserver.test.PropsTest@19bb07ed]" started-at="2023-09-27T15:41:43 CLST" name="close" finished-at="2023-09-27T15:41:43 CLST" duration-ms="186" status="PASS">
          <reporter-output>
          </reporter-output>
        </test-method> <!-- close -->
      </class> <!-- dagserver.test.PropsTest -->
    </test> <!-- propsTest -->
  </suite> <!-- props -->
</testng-results>
