<?xml version="1.0" encoding="UTF-8"?>
<testng-results ignored="0" total="1" passed="1" failed="0" skipped="0">
  <reporter-output>
  </reporter-output>
  <suite started-at="2023-09-26T16:08:03 CLST" name="admin" finished-at="2023-09-26T16:08:09 CLST" duration-ms="5306">
    <groups>
    </groups>
    <test started-at="2023-09-26T16:08:03 CLST" name="createUserTest" finished-at="2023-09-26T16:08:09 CLST" duration-ms="5306">
      <class name="dagserver.test.AdminTest">
        <test-method is-config="true" signature="beforeSuite()[pri:0, instance:dagserver.test.AdminTest@19bb07ed]" started-at="2023-09-26T16:08:03 CLST" name="beforeSuite" finished-at="2023-09-26T16:08:05 CLST" duration-ms="1466" status="PASS">
          <reporter-output>
          </reporter-output>
        </test-method> <!-- beforeSuite -->
        <test-method signature="createUser(java.lang.String, java.lang.String, java.lang.String, java.lang.String, java.lang.String, java.lang.String)[pri:0, instance:dagserver.test.AdminTest@19bb07ed]" started-at="2023-09-26T16:08:05 CLST" name="createUser" finished-at="2023-09-26T16:08:08 CLST" duration-ms="3605" status="PASS">
          <params>
            <param index="0">
              <value>
                <![CDATA[http://localhost:8080/dagserver/cli]]>
              </value>
            </param>
            <param index="1">
              <value>
                <![CDATA[dagserver]]>
              </value>
            </param>
            <param index="2">
              <value>
                <![CDATA[dagserver]]>
              </value>
            </param>
            <param index="3">
              <value>
                <![CDATA[dagserver1]]>
              </value>
            </param>
            <param index="4">
              <value>
                <![CDATA[dagserver1]]>
              </value>
            </param>
            <param index="5">
              <value>
                <![CDATA[USER]]>
              </value>
            </param>
          </params>
          <reporter-output>
          </reporter-output>
        </test-method> <!-- createUser -->
        <test-method is-config="true" signature="close()[pri:0, instance:dagserver.test.AdminTest@19bb07ed]" started-at="2023-09-26T16:08:08 CLST" name="close" finished-at="2023-09-26T16:08:09 CLST" duration-ms="207" status="PASS">
          <reporter-output>
          </reporter-output>
        </test-method> <!-- close -->
      </class> <!-- dagserver.test.AdminTest -->
    </test> <!-- createUserTest -->
  </suite> <!-- admin -->
</testng-results>
