<?xml version="1.0" encoding="UTF-8"?>
<testng-results ignored="2" total="4" passed="2" failed="0" skipped="0">
  <reporter-output>
  </reporter-output>
  <suite started-at="2023-11-12T09:25:02 CLST" name="http_operator_execute_suite" finished-at="2023-11-12T09:25:36 CLST" duration-ms="34383">
    <groups>
    </groups>
    <test started-at="2023-11-12T09:25:02 CLST" name="createDagDesignWithStepTest" finished-at="2023-11-12T09:25:28 CLST" duration-ms="25875">
      <class name="dagserver.test.operators.HttpOperatorExecUseCaseTest">
        <test-method is-config="true" signature="beforeTest()[pri:0, instance:dagserver.test.operators.HttpOperatorExecUseCaseTest@d8305c2]" started-at="2023-11-12T09:25:02 CLST" name="beforeTest" finished-at="2023-11-12T09:25:04 CLST" duration-ms="2235" status="PASS">
          <reporter-output>
          </reporter-output>
        </test-method> <!-- beforeTest -->
        <test-method signature="createDagDesignWithStepTest(java.lang.String, java.lang.String, java.lang.String, java.lang.String, java.lang.String, java.lang.String, java.lang.String, java.lang.String, org.testng.ITestContext)[pri:0, instance:dagserver.test.operators.HttpOperatorExecUseCaseTest@d8305c2]" started-at="2023-11-12T09:25:04 CLST" name="createDagDesignWithStepTest" finished-at="2023-11-12T09:25:27 CLST" duration-ms="23468" status="PASS">
          <params>
            <param index="0">
              <value>
                <![CDATA[http://localhost:8081]]>
              </value>
            </param>
            <param index="1">
              <value>
                <![CDATA[dagserver]]>
              </value>
            </param>
            <param index="2">
              <value>
                <![CDATA[dagserver]]>
              </value>
            </param>
            <param index="3">
              <value>
                <![CDATA[http_operator_exec.jar]]>
              </value>
            </param>
            <param index="4">
              <value>
                <![CDATA[TEST_DAG]]>
              </value>
            </param>
            <param index="5">
              <value>
                <![CDATA[group.test]]>
              </value>
            </param>
            <param index="6">
              <value>
                <![CDATA[0 0/1 * * * ?]]>
              </value>
            </param>
            <param index="7">
              <value>
                <![CDATA[step1]]>
              </value>
            </param>
            <param index="8">
              <value>
                <![CDATA[org.testng.TestRunner@1640190a]]>
              </value>
            </param>
          </params>
          <reporter-output>
          </reporter-output>
        </test-method> <!-- createDagDesignWithStepTest -->
        <test-method is-config="true" signature="close()[pri:0, instance:dagserver.test.operators.HttpOperatorExecUseCaseTest@d8305c2]" started-at="2023-11-12T09:25:27 CLST" name="close" finished-at="2023-11-12T09:25:28 CLST" duration-ms="146" status="PASS">
          <reporter-output>
          </reporter-output>
        </test-method> <!-- close -->
      </class> <!-- dagserver.test.operators.HttpOperatorExecUseCaseTest -->
    </test> <!-- createDagDesignWithStepTest -->
    <test started-at="2023-11-12T09:25:28 CLST" name="editDagDesignWithStepTest" finished-at="2023-11-12T09:25:36 CLST" duration-ms="8498">
      <class name="dagserver.test.operators.HttpOperatorExecUseCaseTest">
        <test-method is-config="true" signature="beforeTest()[pri:0, instance:dagserver.test.operators.HttpOperatorExecUseCaseTest@2fea7088]" started-at="2023-11-12T09:25:28 CLST" name="beforeTest" finished-at="2023-11-12T09:25:28 CLST" duration-ms="716" status="PASS">
          <reporter-output>
          </reporter-output>
        </test-method> <!-- beforeTest -->
        <test-method signature="editDagDesignWithStepTest(java.lang.String, java.lang.String, java.lang.String, java.lang.String, java.lang.String, java.lang.String, org.testng.ITestContext)[pri:0, instance:dagserver.test.operators.HttpOperatorExecUseCaseTest@2fea7088]" started-at="2023-11-12T09:25:28 CLST" name="editDagDesignWithStepTest" finished-at="2023-11-12T09:25:36 CLST" duration-ms="7552" status="PASS">
          <params>
            <param index="0">
              <value>
                <![CDATA[http://localhost:8081]]>
              </value>
            </param>
            <param index="1">
              <value>
                <![CDATA[dagserver]]>
              </value>
            </param>
            <param index="2">
              <value>
                <![CDATA[dagserver]]>
              </value>
            </param>
            <param index="3">
              <value>
                <![CDATA[http_operator_exec.jar]]>
              </value>
            </param>
            <param index="4">
              <value>
                <![CDATA[TEST_DAG]]>
              </value>
            </param>
            <param index="5">
              <value>
                <![CDATA[step1]]>
              </value>
            </param>
            <param index="6">
              <value>
                <![CDATA[org.testng.TestRunner@7da34b26]]>
              </value>
            </param>
          </params>
          <reporter-output>
          </reporter-output>
        </test-method> <!-- editDagDesignWithStepTest -->
        <test-method is-config="true" signature="close()[pri:0, instance:dagserver.test.operators.HttpOperatorExecUseCaseTest@2fea7088]" started-at="2023-11-12T09:25:36 CLST" name="close" finished-at="2023-11-12T09:25:36 CLST" duration-ms="226" status="PASS">
          <reporter-output>
          </reporter-output>
        </test-method> <!-- close -->
      </class> <!-- dagserver.test.operators.HttpOperatorExecUseCaseTest -->
    </test> <!-- editDagDesignWithStepTest -->
  </suite> <!-- http_operator_execute_suite -->
</testng-results>
