<?xml version="1.0" encoding="UTF-8"?>
<testng-results ignored="3" total="4" passed="1" failed="0" skipped="0">
  <reporter-output>
  </reporter-output>
  <suite started-at="2023-09-30T10:41:04 CLST" name="jobs" finished-at="2023-09-30T10:41:18 CLST" duration-ms="14128">
    <groups>
    </groups>
    <test started-at="2023-09-30T10:41:04 CLST" name="editDesignDagTest" finished-at="2023-09-30T10:41:18 CLST" duration-ms="14128">
      <class name="dagserver.test.JobsTest">
        <test-method is-config="true" signature="beforeSuite()[pri:0, instance:dagserver.test.JobsTest@10e41621]" started-at="2023-09-30T10:41:04 CLST" name="beforeSuite" finished-at="2023-09-30T10:41:05 CLST" duration-ms="1508" status="PASS">
          <reporter-output>
          </reporter-output>
        </test-method> <!-- beforeSuite -->
        <test-method signature="editDesignDagTest(java.lang.String, java.lang.String, java.lang.String, java.lang.String, java.lang.String, java.lang.String, java.lang.String, java.lang.String)[pri:0, instance:dagserver.test.JobsTest@10e41621]" started-at="2023-09-30T10:41:05 CLST" name="editDesignDagTest" finished-at="2023-09-30T10:41:18 CLST" duration-ms="12421" status="PASS">
          <params>
            <param index="0">
              <value>
                <![CDATA[http://localhost:8080/dagserver/cli/index.html]]>
              </value>
            </param>
            <param index="1">
              <value>
                <![CDATA[dagserver]]>
              </value>
            </param>
            <param index="2">
              <value>
                <![CDATA[dagserver]]>
              </value>
            </param>
            <param index="3">
              <value>
                <![CDATA[testing1.jar]]>
              </value>
            </param>
            <param index="4">
              <value>
                <![CDATA[TEST_DAG]]>
              </value>
            </param>
            <param index="5">
              <value>
                <![CDATA[testing2.jar]]>
              </value>
            </param>
            <param index="6">
              <value>
                <![CDATA[step2]]>
              </value>
            </param>
            <param index="7">
              <value>
                <![CDATA[c:\\tmp\\jarfile_json.json]]>
              </value>
            </param>
          </params>
          <reporter-output>
          </reporter-output>
        </test-method> <!-- editDesignDagTest -->
        <test-method is-config="true" signature="close()[pri:0, instance:dagserver.test.JobsTest@10e41621]" started-at="2023-09-30T10:41:18 CLST" name="close" finished-at="2023-09-30T10:41:18 CLST" duration-ms="172" status="PASS">
          <reporter-output>
          </reporter-output>
        </test-method> <!-- close -->
      </class> <!-- dagserver.test.JobsTest -->
    </test> <!-- editDesignDagTest -->
  </suite> <!-- jobs -->
</testng-results>
