<?xml version="1.0" encoding="UTF-8"?>
<testng-results ignored="2" total="3" passed="1" failed="0" skipped="0">
  <reporter-output>
  </reporter-output>
  <suite started-at="2023-10-15T15:41:45 CLST" name="channel" finished-at="2023-10-15T15:44:27 CLST" duration-ms="161964">
    <groups>
    </groups>
    <test started-at="2023-10-15T15:41:45 CLST" name="redisChannelTest" finished-at="2023-10-15T15:44:27 CLST" duration-ms="161964">
      <class name="dagserver.test.InputChannelTest">
        <test-method is-config="true" signature="beforeSuite()[pri:0, instance:dagserver.test.InputChannelTest@10e41621]" started-at="2023-10-15T15:41:45 CLST" name="beforeSuite" finished-at="2023-10-15T15:41:47 CLST" duration-ms="2122" status="PASS">
          <reporter-output>
          </reporter-output>
        </test-method> <!-- beforeSuite -->
        <test-method signature="redisChannelTest(java.lang.String, java.lang.String, java.lang.String)[pri:0, instance:dagserver.test.InputChannelTest@10e41621]" started-at="2023-10-15T15:41:48 CLST" name="redisChannelTest" finished-at="2023-10-15T15:44:27 CLST" duration-ms="159446" status="PASS">
          <params>
            <param index="0">
              <value>
                <![CDATA[http://localhost:8080/dagserver/cli/index.html]]>
              </value>
            </param>
            <param index="1">
              <value>
                <![CDATA[dagserver]]>
              </value>
            </param>
            <param index="2">
              <value>
                <![CDATA[dagserver]]>
              </value>
            </param>
          </params>
          <reporter-output>
          </reporter-output>
        </test-method> <!-- redisChannelTest -->
        <test-method is-config="true" signature="close()[pri:0, instance:dagserver.test.InputChannelTest@10e41621]" started-at="2023-10-15T15:44:27 CLST" name="close" finished-at="2023-10-15T15:44:27 CLST" duration-ms="314" status="PASS">
          <reporter-output>
          </reporter-output>
        </test-method> <!-- close -->
      </class> <!-- dagserver.test.InputChannelTest -->
    </test> <!-- redisChannelTest -->
  </suite> <!-- channel -->
</testng-results>
