<?xml version="1.0" encoding="UTF-8"?>
<testng-results ignored="6" total="6" passed="0" failed="0" skipped="0">
  <reporter-output>
  </reporter-output>
  <suite started-at="2023-11-13T15:16:08 CLST" name="jobs" finished-at="2023-11-13T15:16:10 CLST" duration-ms="1998">
    <groups>
    </groups>
    <test started-at="2023-11-13T15:16:08 CLST" name="multipleDagsTest" finished-at="2023-11-13T15:16:10 CLST" duration-ms="1998">
      <class name="dagserver.test.JobsTest">
        <test-method is-config="true" signature="beforeTest()[pri:0, instance:dagserver.test.JobsTest@422c3c7a]" started-at="2023-11-13T15:16:08 CLST" name="beforeTest" finished-at="2023-11-13T15:16:10 CLST" duration-ms="1855" status="PASS">
          <reporter-output>
          </reporter-output>
        </test-method> <!-- beforeTest -->
        <test-method is-config="true" signature="close()[pri:0, instance:dagserver.test.JobsTest@422c3c7a]" started-at="2023-11-13T15:16:10 CLST" name="close" finished-at="2023-11-13T15:16:10 CLST" duration-ms="133" status="PASS">
          <reporter-output>
          </reporter-output>
        </test-method> <!-- close -->
      </class> <!-- dagserver.test.JobsTest -->
    </test> <!-- multipleDagsTest -->
  </suite> <!-- jobs -->
</testng-results>
