<?xml version="1.0" encoding="UTF-8"?>
<testng-results ignored="4" total="5" passed="1" failed="0" skipped="0">
  <reporter-output>
  </reporter-output>
  <suite started-at="2023-09-30T14:07:13 CLST" name="jobs" finished-at="2023-09-30T14:08:21 CLST" duration-ms="67184">
    <groups>
    </groups>
    <test started-at="2023-09-30T14:07:13 CLST" name="compiledDagTest" finished-at="2023-09-30T14:08:21 CLST" duration-ms="67184">
      <class name="dagserver.test.JobsTest">
        <test-method is-config="true" signature="beforeSuite()[pri:0, instance:dagserver.test.JobsTest@19bb07ed]" started-at="2023-09-30T14:07:13 CLST" name="beforeSuite" finished-at="2023-09-30T14:07:15 CLST" duration-ms="1892" status="PASS">
          <reporter-output>
          </reporter-output>
        </test-method> <!-- beforeSuite -->
        <test-method signature="compiledDagTest(java.lang.String, java.lang.String, java.lang.String, java.lang.String, java.lang.String, java.lang.String, java.lang.String)[pri:0, instance:dagserver.test.JobsTest@19bb07ed]" started-at="2023-09-30T14:07:15 CLST" name="compiledDagTest" finished-at="2023-09-30T14:08:20 CLST" duration-ms="65028" status="PASS">
          <params>
            <param index="0">
              <value>
                <![CDATA[http://localhost:8080/dagserver/cli/index.html]]>
              </value>
            </param>
            <param index="1">
              <value>
                <![CDATA[dagserver]]>
              </value>
            </param>
            <param index="2">
              <value>
                <![CDATA[dagserver]]>
              </value>
            </param>
            <param index="3">
              <value>
                <![CDATA[testing1.jar]]>
              </value>
            </param>
            <param index="4">
              <value>
                <![CDATA[generated_dag.main.TEST_DAG]]>
              </value>
            </param>
            <param index="5">
              <value>
                <![CDATA[881]]>
              </value>
            </param>
            <param index="6">
              <value>
                <![CDATA[step2]]>
              </value>
            </param>
          </params>
          <reporter-output>
          </reporter-output>
        </test-method> <!-- compiledDagTest -->
        <test-method is-config="true" signature="close()[pri:0, instance:dagserver.test.JobsTest@19bb07ed]" started-at="2023-09-30T14:08:20 CLST" name="close" finished-at="2023-09-30T14:08:21 CLST" duration-ms="233" status="PASS">
          <reporter-output>
          </reporter-output>
        </test-method> <!-- close -->
      </class> <!-- dagserver.test.JobsTest -->
    </test> <!-- compiledDagTest -->
  </suite> <!-- jobs -->
</testng-results>
